CREATE EXTENSION pg_string_extension;
SELECT is_palindrome('');
 is_palindrome 
---------------
 f
(1 row)

SELECT is_palindrome('a');
 is_palindrome 
---------------
 t
(1 row)

SELECT is_palindrome('aa');
 is_palindrome 
---------------
 t
(1 row)

SELECT is_palindrome('aba');
 is_palindrome 
---------------
 t
(1 row)

SELECT is_palindrome('helloolleh');
 is_palindrome 
---------------
 t
(1 row)

SELECT is_palindrome('world');
 is_palindrome 
---------------
 f
(1 row)

SELECT is_palindrome('aaab');
 is_palindrome 
---------------
 f
(1 row)

SELECT is_palindrome('helloollehhelloollehhelloollehhelloollehhelloollehhelloollehhelloollehhelloollehhelloollehhelloolleh');
 is_palindrome 
---------------
 t
(1 row)

SELECT is_anagram('hello', 'hello');
 is_anagram 
------------
 t
(1 row)

SELECT is_anagram('dirty room', 'dormitory');
 is_anagram 
------------
 f
(1 row)

SELECT is_anagram('dormitory', 'dirty room');
 is_anagram 
------------
 t
(1 row)

SELECT is_anagram('tar', 'cat');
 is_anagram 
------------
 f
(1 row)

SELECT is_anagram('tar', 'rat');
 is_anagram 
------------
 t
(1 row)

SELECT is_anagram('elbow', 'below');
 is_anagram 
------------
 t
(1 row)

SELECT is_anagram('below', 'elbow');
 is_anagram 
------------
 t
(1 row)

SELECT is_anagram('robed', 'bored');
 is_anagram 
------------
 t
(1 row)

SELECT is_anagram('bored', 'robed');
 is_anagram 
------------
 t
(1 row)

SELECT is_anagram('stressed', 'desserts');
 is_anagram 
------------
 t
(1 row)

SELECT is_anagram('bad credit', 'debit card');
 is_anagram 
------------
 t
(1 row)

SELECT is_anagram('debit card', 'bad credit');
 is_anagram 
------------
 t
(1 row)

SELECT sort_chars('qwertyuiopasdfghjklzxcvbnm');
         sort_chars         
----------------------------
 abcdefghijklmnopqrstuvwxyz
(1 row)

